<?xml version="1.0" encoding="UTF-8"?>
<testng-results ignored="0" total="7" passed="6" failed="1" skipped="0">
  <reporter-output>
  </reporter-output>
  <suite started-at="2025-03-31T14:43:25 IST" name="Suite" finished-at="2025-03-31T14:45:58 IST" duration-ms="152511">
    <groups>
    </groups>
    <test started-at="2025-03-31T14:43:25 IST" name="ChromeTest" finished-at="2025-03-31T14:43:26 IST" duration-ms="14">
    </test> <!-- ChromeTest -->
    <test started-at="2025-03-31T14:43:26 IST" name="Test" finished-at="2025-03-31T14:45:58 IST" duration-ms="152448">
      <class name="test.TC_004BookahotelTest">
        <test-method is-config="true" signature="setup()[pri:0, instance:test.TC_004BookahotelTest@385e9564]" started-at="2025-03-31T14:43:26 IST" name="setup" finished-at="2025-03-31T14:43:26 IST" duration-ms="1" status="PASS">
          <reporter-output>
          </reporter-output>
        </test-method> <!-- setup -->
        <test-method is-config="true" signature="testDetails()[pri:0, instance:test.TC_004BookahotelTest@385e9564]" started-at="2025-03-31T14:43:51 IST" name="testDetails" finished-at="2025-03-31T14:43:51 IST" duration-ms="0" status="PASS">
          <reporter-output>
          </reporter-output>
        </test-method> <!-- testDetails -->
        <test-method is-config="true" signature="launchingBrowserandLoadingURL(java.lang.String,java.lang.String)[pri:0, instance:test.TC_004BookahotelTest@385e9564]" started-at="2025-03-31T14:43:51 IST" name="launchingBrowserandLoadingURL" finished-at="2025-03-31T14:43:54 IST" duration-ms="2692" status="PASS">
          <params>
            <param index="0">
              <value>
                <![CDATA[https://adactinhotelapp.com/index.php]]>
              </value>
            </param>
            <param index="1">
              <value>
                <![CDATA[Chrome]]>
              </value>
            </param>
          </params>
          <reporter-output>
          </reporter-output>
        </test-method> <!-- launchingBrowserandLoadingURL -->
        <test-method signature="BookHotel()[pri:0, instance:test.TC_004BookahotelTest@385e9564]" started-at="2025-03-31T14:43:54 IST" name="BookHotel" finished-at="2025-03-31T14:44:03 IST" duration-ms="9011" status="PASS">
          <reporter-output>
          </reporter-output>
        </test-method> <!-- BookHotel -->
        <test-method is-config="true" signature="closeBrowser()[pri:0, instance:test.TC_004BookahotelTest@385e9564]" started-at="2025-03-31T14:44:03 IST" name="closeBrowser" finished-at="2025-03-31T14:44:03 IST" duration-ms="196" status="PASS">
          <reporter-output>
          </reporter-output>
        </test-method> <!-- closeBrowser -->
      </class> <!-- test.TC_004BookahotelTest -->
      <class name="test.TC_005BookingConfirmationTest">
        <test-method is-config="true" signature="setup()[pri:0, instance:test.TC_005BookingConfirmationTest@5b94b04d]" started-at="2025-03-31T14:43:26 IST" name="setup" finished-at="2025-03-31T14:43:26 IST" duration-ms="2" status="PASS">
          <reporter-output>
          </reporter-output>
        </test-method> <!-- setup -->
        <test-method is-config="true" signature="testDetails()[pri:0, instance:test.TC_005BookingConfirmationTest@5b94b04d]" started-at="2025-03-31T14:44:03 IST" name="testDetails" finished-at="2025-03-31T14:44:03 IST" duration-ms="1" status="PASS">
          <reporter-output>
          </reporter-output>
        </test-method> <!-- testDetails -->
        <test-method is-config="true" signature="launchingBrowserandLoadingURL(java.lang.String,java.lang.String)[pri:0, instance:test.TC_005BookingConfirmationTest@5b94b04d]" started-at="2025-03-31T14:44:03 IST" name="launchingBrowserandLoadingURL" finished-at="2025-03-31T14:44:06 IST" duration-ms="2878" status="PASS">
          <params>
            <param index="0">
              <value>
                <![CDATA[https://adactinhotelapp.com/index.php]]>
              </value>
            </param>
            <param index="1">
              <value>
                <![CDATA[Chrome]]>
              </value>
            </param>
          </params>
          <reporter-output>
          </reporter-output>
        </test-method> <!-- launchingBrowserandLoadingURL -->
        <test-method signature="BookingConfirmation()[pri:0, instance:test.TC_005BookingConfirmationTest@5b94b04d]" started-at="2025-03-31T14:44:06 IST" name="BookingConfirmation" finished-at="2025-03-31T14:44:30 IST" duration-ms="23724" status="PASS">
          <reporter-output>
          </reporter-output>
        </test-method> <!-- BookingConfirmation -->
        <test-method is-config="true" signature="closeBrowser()[pri:0, instance:test.TC_005BookingConfirmationTest@5b94b04d]" started-at="2025-03-31T14:44:30 IST" name="closeBrowser" finished-at="2025-03-31T14:44:30 IST" duration-ms="202" status="PASS">
          <reporter-output>
          </reporter-output>
        </test-method> <!-- closeBrowser -->
      </class> <!-- test.TC_005BookingConfirmationTest -->
      <class name="test.TC_007Logout">
        <test-method is-config="true" signature="setup()[pri:0, instance:test.TC_007Logout@4c39bec8]" started-at="2025-03-31T14:43:26 IST" name="setup" finished-at="2025-03-31T14:43:26 IST" duration-ms="0" status="PASS">
          <reporter-output>
          </reporter-output>
        </test-method> <!-- setup -->
        <test-method is-config="true" signature="testDetails()[pri:0, instance:test.TC_007Logout@4c39bec8]" started-at="2025-03-31T14:45:14 IST" name="testDetails" finished-at="2025-03-31T14:45:14 IST" duration-ms="1" status="PASS">
          <reporter-output>
          </reporter-output>
        </test-method> <!-- testDetails -->
        <test-method is-config="true" signature="launchingBrowserandLoadingURL(java.lang.String,java.lang.String)[pri:0, instance:test.TC_007Logout@4c39bec8]" started-at="2025-03-31T14:45:14 IST" name="launchingBrowserandLoadingURL" finished-at="2025-03-31T14:45:17 IST" duration-ms="2619" status="PASS">
          <params>
            <param index="0">
              <value>
                <![CDATA[https://adactinhotelapp.com/index.php]]>
              </value>
            </param>
            <param index="1">
              <value>
                <![CDATA[Chrome]]>
              </value>
            </param>
          </params>
          <reporter-output>
          </reporter-output>
        </test-method> <!-- launchingBrowserandLoadingURL -->
        <test-method signature="Logout()[pri:0, instance:test.TC_007Logout@4c39bec8]" started-at="2025-03-31T14:45:17 IST" name="Logout" finished-at="2025-03-31T14:45:58 IST" duration-ms="40924" status="FAIL">
          <exception class="org.openqa.selenium.NoSuchElementException">
            <message>
              <![CDATA[no such element: Unable to locate element: {"method":"xpath","selector":"//a[text()='Click here to login again']"}
  (Session info: chrome=134.0.6998.178)
For documentation on this error, please visit: https://www.selenium.dev/documentation/webdriver/troubleshooting/errors#no-such-element-exception
Build info: version: '4.21.0', revision: '79ed462ef4'
System info: os.name: 'Windows 11', os.arch: 'amd64', os.version: '10.0', java.version: '21.0.6'
Driver info: org.openqa.selenium.chrome.ChromeDriver
Command: [6ee821937fb0f7b227374c433dee3e4e, findElement {value=//a[text()='Click here to login again'], using=xpath}]
Capabilities {acceptInsecureCerts: false, browserName: chrome, browserVersion: 134.0.6998.178, chrome: {chromedriverVersion: 134.0.6998.165 (fd886e2cb29..., userDataDir: C:\Users\DELL\AppData\Local...}, fedcm:accounts: true, goog:chromeOptions: {debuggerAddress: localhost:64653}, networkConnectionEnabled: false, pageLoadStrategy: normal, platformName: windows, proxy: Proxy(), se:cdp: ws://localhost:64653/devtoo..., se:cdpVersion: 134.0.6998.178, setWindowRect: true, strictFileInteractability: false, timeouts: {implicit: 0, pageLoad: 300000, script: 30000}, unhandledPromptBehavior: dismiss and notify, webauthn:extension:credBlob: true, webauthn:extension:largeBlob: true, webauthn:extension:minPinLength: true, webauthn:extension:prf: true, webauthn:virtualAuthenticators: true}
Session ID: 6ee821937fb0f7b227374c433dee3e4e]]>
            </message>
            <full-stacktrace>
              <![CDATA[org.openqa.selenium.NoSuchElementException: no such element: Unable to locate element: {"method":"xpath","selector":"//a[text()='Click here to login again']"}
  (Session info: chrome=134.0.6998.178)
For documentation on this error, please visit: https://www.selenium.dev/documentation/webdriver/troubleshooting/errors#no-such-element-exception
Build info: version: '4.21.0', revision: '79ed462ef4'
System info: os.name: 'Windows 11', os.arch: 'amd64', os.version: '10.0', java.version: '21.0.6'
Driver info: org.openqa.selenium.chrome.ChromeDriver
Command: [6ee821937fb0f7b227374c433dee3e4e, findElement {value=//a[text()='Click here to login again'], using=xpath}]
Capabilities {acceptInsecureCerts: false, browserName: chrome, browserVersion: 134.0.6998.178, chrome: {chromedriverVersion: 134.0.6998.165 (fd886e2cb29..., userDataDir: C:\Users\DELL\AppData\Local...}, fedcm:accounts: true, goog:chromeOptions: {debuggerAddress: localhost:64653}, networkConnectionEnabled: false, pageLoadStrategy: normal, platformName: windows, proxy: Proxy(), se:cdp: ws://localhost:64653/devtoo..., se:cdpVersion: 134.0.6998.178, setWindowRect: true, strictFileInteractability: false, timeouts: {implicit: 0, pageLoad: 300000, script: 30000}, unhandledPromptBehavior: dismiss and notify, webauthn:extension:credBlob: true, webauthn:extension:largeBlob: true, webauthn:extension:minPinLength: true, webauthn:extension:prf: true, webauthn:virtualAuthenticators: true}
Session ID: 6ee821937fb0f7b227374c433dee3e4e
at java.base/jdk.internal.reflect.DirectConstructorHandleAccessor.newInstance(DirectConstructorHandleAccessor.java:62)
at java.base/java.lang.reflect.Constructor.newInstanceWithCaller(Constructor.java:502)
at java.base/java.lang.reflect.Constructor.newInstance(Constructor.java:486)
at org.openqa.selenium.remote.ErrorCodec.decode(ErrorCodec.java:167)
at org.openqa.selenium.remote.codec.w3c.W3CHttpResponseCodec.decode(W3CHttpResponseCodec.java:138)
at org.openqa.selenium.remote.codec.w3c.W3CHttpResponseCodec.decode(W3CHttpResponseCodec.java:50)
at org.openqa.selenium.remote.HttpCommandExecutor.execute(HttpCommandExecutor.java:190)
at org.openqa.selenium.remote.service.DriverCommandExecutor.invokeExecute(DriverCommandExecutor.java:216)
at org.openqa.selenium.remote.service.DriverCommandExecutor.execute(DriverCommandExecutor.java:174)
at org.openqa.selenium.remote.RemoteWebDriver.execute(RemoteWebDriver.java:518)
at org.openqa.selenium.remote.ElementLocation$ElementFinder$2.findElement(ElementLocation.java:165)
at org.openqa.selenium.remote.ElementLocation.findElement(ElementLocation.java:59)
at org.openqa.selenium.remote.RemoteWebDriver.findElement(RemoteWebDriver.java:355)
at org.openqa.selenium.remote.RemoteWebDriver.findElement(RemoteWebDriver.java:349)
at org.openqa.selenium.support.pagefactory.DefaultElementLocator.findElement(DefaultElementLocator.java:68)
at org.openqa.selenium.support.pagefactory.internal.LocatingElementHandler.invoke(LocatingElementHandler.java:38)
at jdk.proxy2/jdk.proxy2.$Proxy20.click(Unknown Source)
at pages.LogoutPage.logoutsuccess(LogoutPage.java:22)
at test.TC_007Logout.Logout(TC_007Logout.java:59)
at java.base/jdk.internal.reflect.DirectMethodHandleAccessor.invoke(DirectMethodHandleAccessor.java:103)
at java.base/java.lang.reflect.Method.invoke(Method.java:580)
at org.testng.internal.invokers.MethodInvocationHelper.invokeMethod(MethodInvocationHelper.java:139)
at org.testng.internal.invokers.TestInvoker.invokeMethod(TestInvoker.java:664)
at org.testng.internal.invokers.TestInvoker.invokeTestMethod(TestInvoker.java:227)
at org.testng.internal.invokers.MethodRunner.runInSequence(MethodRunner.java:50)
at org.testng.internal.invokers.TestInvoker$MethodInvocationAgent.invoke(TestInvoker.java:957)
at org.testng.internal.invokers.TestInvoker.invokeTestMethods(TestInvoker.java:200)
at org.testng.internal.invokers.TestMethodWorker.invokeTestMethods(TestMethodWorker.java:148)
at org.testng.internal.invokers.TestMethodWorker.run(TestMethodWorker.java:128)
at java.base/java.util.ArrayList.forEach(ArrayList.java:1596)
at org.testng.TestRunner.privateRun(TestRunner.java:848)
at org.testng.TestRunner.run(TestRunner.java:621)
at org.testng.SuiteRunner.runTest(SuiteRunner.java:443)
at org.testng.SuiteRunner.runSequentially(SuiteRunner.java:437)
at org.testng.SuiteRunner.privateRun(SuiteRunner.java:397)
at org.testng.SuiteRunner.run(SuiteRunner.java:336)
at org.testng.SuiteRunnerWorker.runSuite(SuiteRunnerWorker.java:52)
at org.testng.SuiteRunnerWorker.run(SuiteRunnerWorker.java:95)
at org.testng.TestNG.runSuitesSequentially(TestNG.java:1280)
at org.testng.TestNG.runSuitesLocally(TestNG.java:1200)
at org.testng.TestNG.runSuites(TestNG.java:1114)
at org.testng.TestNG.run(TestNG.java:1082)
at org.testng.remote.AbstractRemoteTestNG.run(AbstractRemoteTestNG.java:115)
at org.testng.remote.RemoteTestNG.initAndRun(RemoteTestNG.java:293)
at org.testng.remote.RemoteTestNG.main(RemoteTestNG.java:91)
]]>
            </full-stacktrace>
          </exception> <!-- org.openqa.selenium.NoSuchElementException -->
          <reporter-output>
          </reporter-output>
        </test-method> <!-- Logout -->
        <test-method is-config="true" signature="closeBrowser()[pri:0, instance:test.TC_007Logout@4c39bec8]" started-at="2025-03-31T14:45:58 IST" name="closeBrowser" finished-at="2025-03-31T14:45:58 IST" duration-ms="197" status="PASS">
          <reporter-output>
          </reporter-output>
        </test-method> <!-- closeBrowser -->
      </class> <!-- test.TC_007Logout -->
      <class name="test.TC_002SearchFunctionality">
        <test-method is-config="true" signature="setup()[pri:0, instance:test.TC_002SearchFunctionality@399c4be1]" started-at="2025-03-31T14:43:26 IST" name="setup" finished-at="2025-03-31T14:43:26 IST" duration-ms="0" status="PASS">
          <reporter-output>
          </reporter-output>
        </test-method> <!-- setup -->
        <test-method is-config="true" signature="testDetails()[pri:0, instance:test.TC_002SearchFunctionality@399c4be1]" started-at="2025-03-31T14:43:33 IST" name="testDetails" finished-at="2025-03-31T14:43:33 IST" duration-ms="1" status="PASS">
          <reporter-output>
          </reporter-output>
        </test-method> <!-- testDetails -->
        <test-method is-config="true" signature="launchingBrowserandLoadingURL(java.lang.String,java.lang.String)[pri:0, instance:test.TC_002SearchFunctionality@399c4be1]" started-at="2025-03-31T14:43:33 IST" name="launchingBrowserandLoadingURL" finished-at="2025-03-31T14:43:36 IST" duration-ms="2598" status="PASS">
          <params>
            <param index="0">
              <value>
                <![CDATA[https://adactinhotelapp.com/index.php]]>
              </value>
            </param>
            <param index="1">
              <value>
                <![CDATA[Chrome]]>
              </value>
            </param>
          </params>
          <reporter-output>
          </reporter-output>
        </test-method> <!-- launchingBrowserandLoadingURL -->
        <test-method signature="SearchFunctionTest()[pri:0, instance:test.TC_002SearchFunctionality@399c4be1]" started-at="2025-03-31T14:43:36 IST" name="SearchFunctionTest" finished-at="2025-03-31T14:43:41 IST" duration-ms="4957" status="PASS">
          <reporter-output>
          </reporter-output>
        </test-method> <!-- SearchFunctionTest -->
        <test-method is-config="true" signature="closeBrowser()[pri:0, instance:test.TC_002SearchFunctionality@399c4be1]" started-at="2025-03-31T14:43:41 IST" name="closeBrowser" finished-at="2025-03-31T14:43:42 IST" duration-ms="208" status="PASS">
          <reporter-output>
          </reporter-output>
        </test-method> <!-- closeBrowser -->
      </class> <!-- test.TC_002SearchFunctionality -->
      <class name="test.TC_003SelectHotelTest">
        <test-method is-config="true" signature="setup()[pri:0, instance:test.TC_003SelectHotelTest@291caca8]" started-at="2025-03-31T14:43:26 IST" name="setup" finished-at="2025-03-31T14:43:26 IST" duration-ms="0" status="PASS">
          <reporter-output>
          </reporter-output>
        </test-method> <!-- setup -->
        <test-method is-config="true" signature="testDetails()[pri:0, instance:test.TC_003SelectHotelTest@291caca8]" started-at="2025-03-31T14:43:42 IST" name="testDetails" finished-at="2025-03-31T14:43:42 IST" duration-ms="1" status="PASS">
          <reporter-output>
          </reporter-output>
        </test-method> <!-- testDetails -->
        <test-method is-config="true" signature="launchingBrowserandLoadingURL(java.lang.String,java.lang.String)[pri:0, instance:test.TC_003SelectHotelTest@291caca8]" started-at="2025-03-31T14:43:42 IST" name="launchingBrowserandLoadingURL" finished-at="2025-03-31T14:43:45 IST" duration-ms="3012" status="PASS">
          <params>
            <param index="0">
              <value>
                <![CDATA[https://adactinhotelapp.com/index.php]]>
              </value>
            </param>
            <param index="1">
              <value>
                <![CDATA[Chrome]]>
              </value>
            </param>
          </params>
          <reporter-output>
          </reporter-output>
        </test-method> <!-- launchingBrowserandLoadingURL -->
        <test-method signature="SelectHotel()[pri:0, instance:test.TC_003SelectHotelTest@291caca8]" started-at="2025-03-31T14:43:45 IST" name="SelectHotel" finished-at="2025-03-31T14:43:51 IST" duration-ms="6075" status="PASS">
          <reporter-output>
          </reporter-output>
        </test-method> <!-- SelectHotel -->
        <test-method is-config="true" signature="closeBrowser()[pri:0, instance:test.TC_003SelectHotelTest@291caca8]" started-at="2025-03-31T14:43:51 IST" name="closeBrowser" finished-at="2025-03-31T14:43:51 IST" duration-ms="210" status="PASS">
          <reporter-output>
          </reporter-output>
        </test-method> <!-- closeBrowser -->
      </class> <!-- test.TC_003SelectHotelTest -->
      <class name="test.TC_006BookedIteneraryTest">
        <test-method is-config="true" signature="setup()[pri:0, instance:test.TC_006BookedIteneraryTest@8c3b9d]" started-at="2025-03-31T14:43:26 IST" name="setup" finished-at="2025-03-31T14:43:26 IST" duration-ms="1" status="PASS">
          <reporter-output>
          </reporter-output>
        </test-method> <!-- setup -->
        <test-method is-config="true" signature="testDetails()[pri:0, instance:test.TC_006BookedIteneraryTest@8c3b9d]" started-at="2025-03-31T14:44:30 IST" name="testDetails" finished-at="2025-03-31T14:44:30 IST" duration-ms="0" status="PASS">
          <reporter-output>
          </reporter-output>
        </test-method> <!-- testDetails -->
        <test-method is-config="true" signature="launchingBrowserandLoadingURL(java.lang.String,java.lang.String)[pri:0, instance:test.TC_006BookedIteneraryTest@8c3b9d]" started-at="2025-03-31T14:44:30 IST" name="launchingBrowserandLoadingURL" finished-at="2025-03-31T14:44:33 IST" duration-ms="2608" status="PASS">
          <params>
            <param index="0">
              <value>
                <![CDATA[https://adactinhotelapp.com/index.php]]>
              </value>
            </param>
            <param index="1">
              <value>
                <![CDATA[Chrome]]>
              </value>
            </param>
          </params>
          <reporter-output>
          </reporter-output>
        </test-method> <!-- launchingBrowserandLoadingURL -->
        <test-method signature="BookediteneraryTest()[pri:0, instance:test.TC_006BookedIteneraryTest@8c3b9d]" started-at="2025-03-31T14:44:33 IST" name="BookediteneraryTest" finished-at="2025-03-31T14:45:14 IST" duration-ms="40507" status="PASS">
          <reporter-output>
          </reporter-output>
        </test-method> <!-- BookediteneraryTest -->
        <test-method is-config="true" signature="closeBrowser()[pri:0, instance:test.TC_006BookedIteneraryTest@8c3b9d]" started-at="2025-03-31T14:45:14 IST" name="closeBrowser" finished-at="2025-03-31T14:45:14 IST" duration-ms="243" status="PASS">
          <reporter-output>
          </reporter-output>
        </test-method> <!-- closeBrowser -->
      </class> <!-- test.TC_006BookedIteneraryTest -->
      <class name="test.TC_001LoginLogout">
        <test-method is-config="true" signature="reportIniatialization()[pri:0, instance:test.TC_001LoginLogout@4961f6af]" started-at="2025-03-31T14:43:25 IST" name="reportIniatialization" finished-at="2025-03-31T14:43:25 IST" duration-ms="303" status="PASS">
          <reporter-output>
          </reporter-output>
        </test-method> <!-- reportIniatialization -->
        <test-method is-config="true" signature="setup()[pri:0, instance:test.TC_001LoginLogout@4961f6af]" started-at="2025-03-31T14:43:26 IST" name="setup" finished-at="2025-03-31T14:43:26 IST" duration-ms="1" status="PASS">
          <reporter-output>
          </reporter-output>
        </test-method> <!-- setup -->
        <test-method is-config="true" signature="testDetails()[pri:0, instance:test.TC_001LoginLogout@4961f6af]" started-at="2025-03-31T14:43:26 IST" name="testDetails" finished-at="2025-03-31T14:43:26 IST" duration-ms="10" status="PASS">
          <reporter-output>
          </reporter-output>
        </test-method> <!-- testDetails -->
        <test-method is-config="true" signature="launchingBrowserandLoadingURL(java.lang.String,java.lang.String)[pri:0, instance:test.TC_001LoginLogout@4961f6af]" started-at="2025-03-31T14:43:26 IST" name="launchingBrowserandLoadingURL" finished-at="2025-03-31T14:43:31 IST" duration-ms="5336" status="PASS">
          <params>
            <param index="0">
              <value>
                <![CDATA[https://adactinhotelapp.com/index.php]]>
              </value>
            </param>
            <param index="1">
              <value>
                <![CDATA[Chrome]]>
              </value>
            </param>
          </params>
          <reporter-output>
          </reporter-output>
        </test-method> <!-- launchingBrowserandLoadingURL -->
        <test-method signature="loginandlogoutTest()[pri:0, instance:test.TC_001LoginLogout@4961f6af]" started-at="2025-03-31T14:43:31 IST" name="loginandlogoutTest" finished-at="2025-03-31T14:43:33 IST" duration-ms="1763" status="PASS">
          <reporter-output>
          </reporter-output>
        </test-method> <!-- loginandlogoutTest -->
        <test-method is-config="true" signature="closeBrowser()[pri:0, instance:test.TC_001LoginLogout@4961f6af]" started-at="2025-03-31T14:43:33 IST" name="closeBrowser" finished-at="2025-03-31T14:43:33 IST" duration-ms="215" status="PASS">
          <reporter-output>
          </reporter-output>
        </test-method> <!-- closeBrowser -->
        <test-method is-config="true" signature="reportClose()[pri:0, instance:test.TC_001LoginLogout@4961f6af]" started-at="2025-03-31T14:45:58 IST" name="reportClose" finished-at="2025-03-31T14:45:59 IST" duration-ms="626" status="PASS">
          <reporter-output>
          </reporter-output>
        </test-method> <!-- reportClose -->
      </class> <!-- test.TC_001LoginLogout -->
    </test> <!-- Test -->
  </suite> <!-- Suite -->
</testng-results>
